<?xml version="1.0" encoding="UTF-8"?>
<!-- Generated by org.testng.reporters.JUnitReportReporter -->
<testsuite hostname="DESKTOP-89I85RC" failures="0" tests="4" name="api.test.UserTests2" time="6.418" errors="0" timestamp="2022-11-12T23:56:00 IST" skipped="0">
  <testcase classname="api.test.UserTests2" name="testPostUser" time="1.310"/>
  <system-out/>
  <testcase classname="api.test.UserTests2" name="testGetUserByName" time="1.272"/>
  <system-out/>
  <testcase classname="api.test.UserTests2" name="testUpdateUserByName" time="2.540"/>
  <system-out/>
  <testcase classname="api.test.UserTests2" name="testDeleteUserByName" time="1.296"/>
  <system-out/>
</testsuite> <!-- api.test.UserTests2 -->
