<?xml version="1.0" encoding="UTF-8"?>
<!-- Generated by org.testng.reporters.JUnitReportReporter -->
<testsuite hostname="DESKTOP-89I85RC" failures="0" tests="6" name="api.test.DDTest" time="15.020" errors="0" timestamp="2022-11-12T23:02:06 IST" skipped="0">
  <testcase classname="api.test.DDTest" name="testPostUser" time="1.295"/>
  <system-out/>
  <testcase classname="api.test.DDTest" name="testPostUser" time="1.292"/>
  <system-out/>
  <testcase classname="api.test.DDTest" name="testPostUser" time="6.344"/>
  <system-out/>
  <testcase classname="api.test.DDTest" name="deleteUser" time="1.321"/>
  <system-out/>
  <testcase classname="api.test.DDTest" name="deleteUser" time="1.314"/>
  <system-out/>
  <testcase classname="api.test.DDTest" name="deleteUser" time="3.454"/>
  <system-out/>
</testsuite> <!-- api.test.DDTest -->
