<?xml version="1.0" encoding="UTF-8"?>
<!-- Generated by org.testng.reporters.JUnitReportReporter -->
<testsuite hostname="DESKTOP-89I85RC" failures="0" tests="5" name="api.test.UserTests" time="10.028" errors="0" timestamp="2022-11-13T14:29:10 IST" skipped="0">
  <testcase classname="api.test.UserTests" name="testPostUser" time="3.425"/>
  <system-out/>
  <testcase classname="api.test.UserTests" name="getUser" time="1.354"/>
  <system-out/>
  <testcase classname="api.test.UserTests" name="updateUser" time="2.646"/>
  <system-out/>
  <testcase classname="api.test.UserTests" name="getUser1" time="1.302"/>
  <system-out/>
  <testcase classname="api.test.UserTests" name="deleteUser" time="1.301"/>
  <system-out/>
</testsuite> <!-- api.test.UserTests -->
