<?xml version="1.0" encoding="UTF-8"?>
<!-- Generated by org.testng.reporters.JUnitReportReporter -->
<testsuite hostname="DESKTOP-89I85RC" failures="0" tests="4" name="api.test.UserTests2" time="6.467" errors="0" timestamp="2022-11-13T00:45:36 IST" skipped="0">
  <testcase classname="api.test.UserTests2" name="testPostUser" time="1.318"/>
  <system-out/>
  <testcase classname="api.test.UserTests2" name="testGetUserByName" time="1.331"/>
  <system-out/>
  <testcase classname="api.test.UserTests2" name="testUpdateUserByName" time="2.576"/>
  <system-out/>
  <testcase classname="api.test.UserTests2" name="testDeleteUserByName" time="1.242"/>
  <system-out/>
</testsuite> <!-- api.test.UserTests2 -->
